  [1m[35m (0.4ms)[0m  [1m[34mSELECT sqlite_version(*)[0m
  ↳ bin/rails:9
  [1m[35m (80.0ms)[0m  [1m[35mCREATE TABLE "schema_migrations" ("version" varchar NOT NULL PRIMARY KEY)[0m
  ↳ bin/rails:9
  [1m[35m (97.4ms)[0m  [1m[35mCREATE TABLE "ar_internal_metadata" ("key" varchar NOT NULL PRIMARY KEY, "value" varchar, "created_at" datetime NOT NULL, "updated_at" datetime NOT NULL)[0m
  ↳ bin/rails:9
  [1m[35m (0.7ms)[0m  [1m[34mSELECT "schema_migrations"."version" FROM "schema_migrations" ORDER BY "schema_migrations"."version" ASC[0m
  ↳ bin/rails:9
Migrating to CreateUsers (20190211201534)
  [1m[35m (0.2ms)[0m  [1m[36mbegin transaction[0m
  ↳ bin/rails:9
  [1m[35m (17.3ms)[0m  [1m[35mCREATE TABLE "users" ("id" integer PRIMARY KEY AUTOINCREMENT NOT NULL, "nickname" varchar, "created_at" datetime NOT NULL, "updated_at" datetime NOT NULL)[0m
  ↳ db/migrate/20190211201534_create_users.rb:3
  [1m[36mActiveRecord::SchemaMigration Create (0.6ms)[0m  [1m[32mINSERT INTO "schema_migrations" ("version") VALUES (?)[0m  [["version", "20190211201534"]]
  ↳ bin/rails:9
  [1m[35m (92.3ms)[0m  [1m[36mcommit transaction[0m
  ↳ bin/rails:9
Migrating to CreateRooms (20190211202545)
  [1m[35m (0.2ms)[0m  [1m[36mbegin transaction[0m
  ↳ bin/rails:9
  [1m[35m (0.9ms)[0m  [1m[35mCREATE TABLE "rooms" ("id" integer PRIMARY KEY AUTOINCREMENT NOT NULL, "token" varchar, "created_at" datetime NOT NULL, "updated_at" datetime NOT NULL)[0m
  ↳ db/migrate/20190211202545_create_rooms.rb:3
  [1m[36mActiveRecord::SchemaMigration Create (0.5ms)[0m  [1m[32mINSERT INTO "schema_migrations" ("version") VALUES (?)[0m  [["version", "20190211202545"]]
  ↳ bin/rails:9
  [1m[35m (87.9ms)[0m  [1m[36mcommit transaction[0m
  ↳ bin/rails:9
Migrating to CreateMessages (20190211202927)
  [1m[35m (0.2ms)[0m  [1m[36mbegin transaction[0m
  ↳ bin/rails:9
  [1m[35m (1.4ms)[0m  [1m[35mCREATE TABLE "messages" ("id" integer PRIMARY KEY AUTOINCREMENT NOT NULL, "body" text, "user_id" integer, "room_id" integer, "created_at" datetime NOT NULL, "updated_at" datetime NOT NULL, CONSTRAINT "fk_rails_273a25a7a6"
FOREIGN KEY ("user_id")
  REFERENCES "users" ("id")
, CONSTRAINT "fk_rails_a8db0fb63a"
FOREIGN KEY ("room_id")
  REFERENCES "rooms" ("id")
)[0m
  ↳ db/migrate/20190211202927_create_messages.rb:3
  [1m[35m (0.4ms)[0m  [1m[35mCREATE  INDEX "index_messages_on_user_id" ON "messages" ("user_id")[0m
  ↳ db/migrate/20190211202927_create_messages.rb:3
  [1m[35m (0.4ms)[0m  [1m[35mCREATE  INDEX "index_messages_on_room_id" ON "messages" ("room_id")[0m
  ↳ db/migrate/20190211202927_create_messages.rb:3
  [1m[36mActiveRecord::SchemaMigration Create (0.7ms)[0m  [1m[32mINSERT INTO "schema_migrations" ("version") VALUES (?)[0m  [["version", "20190211202927"]]
  ↳ bin/rails:9
  [1m[35m (102.2ms)[0m  [1m[36mcommit transaction[0m
  ↳ bin/rails:9
  [1m[36mActiveRecord::InternalMetadata Load (0.6ms)[0m  [1m[34mSELECT  "ar_internal_metadata".* FROM "ar_internal_metadata" WHERE "ar_internal_metadata"."key" = ? LIMIT ?[0m  [["key", "environment"], ["LIMIT", 1]]
  ↳ bin/rails:9
  [1m[35m (0.2ms)[0m  [1m[36mbegin transaction[0m
  ↳ bin/rails:9
  [1m[36mActiveRecord::InternalMetadata Create (0.7ms)[0m  [1m[32mINSERT INTO "ar_internal_metadata" ("key", "value", "created_at", "updated_at") VALUES (?, ?, ?, ?)[0m  [["key", "environment"], ["value", "development"], ["created_at", "2019-05-30 16:08:53.500466"], ["updated_at", "2019-05-30 16:08:53.500466"]]
  ↳ bin/rails:9
  [1m[35m (67.9ms)[0m  [1m[36mcommit transaction[0m
  ↳ bin/rails:9
  [1m[35m (0.4ms)[0m  [1m[34mSELECT "schema_migrations"."version" FROM "schema_migrations" ORDER BY "schema_migrations"."version" ASC[0m
  ↳ bin/rails:9
Started GET "/" for 127.0.0.1 at 2019-05-30 23:09:19 +0700
  [1m[35m (0.6ms)[0m  [1m[34mSELECT "schema_migrations"."version" FROM "schema_migrations" ORDER BY "schema_migrations"."version" ASC[0m
  ↳ /home/paleo1og/.rvm/gems/ruby-2.5.3/gems/activerecord-5.2.3/lib/active_record/log_subscriber.rb:98
Processing by RoomsController#index as HTML
  Rendering rooms/index.html.erb within layouts/application
  [1m[36mRoom Load (0.6ms)[0m  [1m[34mSELECT "rooms".* FROM "rooms"[0m
  ↳ app/views/rooms/index.html.erb:6
  Rendered collection of templates [0 times] (0.1ms)
  Rendered rooms/_form.html.erb (5.0ms)
  Rendered rooms/index.html.erb within layouts/application (14.4ms)
  [1m[36mUser Load (0.8ms)[0m  [1m[34mSELECT  "users".* FROM "users" WHERE "users"."id" IS NULL ORDER BY "users"."id" ASC LIMIT ?[0m  [["LIMIT", 1]]
  ↳ app/controllers/application_controller.rb:8
  [1m[35m (0.3ms)[0m  [1m[36mbegin transaction[0m
  ↳ app/controllers/application_controller.rb:11
  [1m[36mUser Create (1.1ms)[0m  [1m[32mINSERT INTO "users" ("nickname", "created_at", "updated_at") VALUES (?, ?, ?)[0m  [["nickname", "Leah"], ["created_at", "2019-05-30 16:09:34.721748"], ["updated_at", "2019-05-30 16:09:34.721748"]]
  ↳ app/controllers/application_controller.rb:11
  [1m[35m (94.6ms)[0m  [1m[36mcommit transaction[0m
  ↳ app/controllers/application_controller.rb:11
Completed 200 OK in 18624ms (Views: 18465.1ms | ActiveRecord: 102.3ms)


Started POST "/rooms" for 127.0.0.1 at 2019-05-30 23:09:41 +0700
Processing by RoomsController#create as HTML
  Parameters: {"utf8"=>"✓", "authenticity_token"=>"K7NNy76lv5MxRKl3D62rD9PN+u8Z8jYw/huksO3PbCPCWSSDFZPXf1qDJI9Uc0lYEy9k4gTFEb4AHb2YtSjjBw==", "commit"=>"Create Room"}
  [1m[35m (0.3ms)[0m  [1m[36mbegin transaction[0m
  ↳ app/controllers/rooms_controller.rb:13
  [1m[36mRoom Create (1.0ms)[0m  [1m[32mINSERT INTO "rooms" ("token", "created_at", "updated_at") VALUES (?, ?, ?)[0m  [["token", "bca2"], ["created_at", "2019-05-30 16:09:41.042405"], ["updated_at", "2019-05-30 16:09:41.042405"]]
  ↳ app/controllers/rooms_controller.rb:13
  [1m[35m (167.9ms)[0m  [1m[36mcommit transaction[0m
  ↳ app/controllers/rooms_controller.rb:13
Redirected to http://localhost:3000/rooms/bca2
Completed 302 Found in 185ms (ActiveRecord: 169.2ms)


Started GET "/rooms/bca2" for 127.0.0.1 at 2019-05-30 23:09:41 +0700
Processing by RoomsController#show as HTML
  Parameters: {"token"=>"bca2"}
  [1m[36mRoom Load (0.7ms)[0m  [1m[34mSELECT  "rooms".* FROM "rooms" WHERE "rooms"."token" = ? LIMIT ?[0m  [["token", "bca2"], ["LIMIT", 1]]
  ↳ app/controllers/rooms_controller.rb:21
  Rendering rooms/show.html.erb within layouts/application
  [1m[36mMessage Load (0.6ms)[0m  [1m[34mSELECT "messages".* FROM "messages" WHERE "messages"."room_id" = ?[0m  [["room_id", 1]]
  ↳ app/views/rooms/show.html.erb:9
  Rendered collection of templates [0 times] (0.1ms)
  Rendered messages/_form.html.erb (3.5ms)
  Rendered rooms/show.html.erb within layouts/application (52.5ms)
  [1m[36mUser Load (0.6ms)[0m  [1m[34mSELECT  "users".* FROM "users" WHERE "users"."id" = ? ORDER BY "users"."id" ASC LIMIT ?[0m  [["id", 1], ["LIMIT", 1]]
  ↳ app/controllers/application_controller.rb:8
Completed 200 OK in 148ms (Views: 137.8ms | ActiveRecord: 2.9ms)


Started GET "/" for 127.0.0.1 at 2019-05-30 23:09:54 +0700
Processing by RoomsController#index as HTML
  Rendering rooms/index.html.erb within layouts/application
  [1m[36mRoom Load (0.9ms)[0m  [1m[34mSELECT "rooms".* FROM "rooms"[0m
  ↳ app/views/rooms/index.html.erb:6
  Rendered collection of rooms/_room.html.erb [1 times] (1.9ms)
  Rendered rooms/_form.html.erb (3.4ms)
  Rendered rooms/index.html.erb within layouts/application (16.4ms)
  [1m[36mUser Load (0.4ms)[0m  [1m[34mSELECT  "users".* FROM "users" WHERE "users"."id" = ? ORDER BY "users"."id" ASC LIMIT ?[0m  [["id", 1], ["LIMIT", 1]]
  ↳ app/controllers/application_controller.rb:8
Completed 200 OK in 140ms (Views: 135.7ms | ActiveRecord: 1.2ms)


Started POST "/rooms" for 127.0.0.1 at 2019-05-30 23:09:56 +0700
Processing by RoomsController#create as HTML
  Parameters: {"utf8"=>"✓", "authenticity_token"=>"LInyUjzKXRxvx12ZBm/3Krhej7jHR5v8H7I21L8W3rXoTLgmknlbRg1JoSQx7PBUE0xHwA3G9cKRNekT+10Jaw==", "commit"=>"Create Room"}
  [1m[35m (0.3ms)[0m  [1m[36mbegin transaction[0m
  ↳ app/controllers/rooms_controller.rb:13
  [1m[36mRoom Create (0.9ms)[0m  [1m[32mINSERT INTO "rooms" ("token", "created_at", "updated_at") VALUES (?, ?, ?)[0m  [["token", "75f8"], ["created_at", "2019-05-30 16:09:56.445284"], ["updated_at", "2019-05-30 16:09:56.445284"]]
  ↳ app/controllers/rooms_controller.rb:13
  [1m[35m (66.5ms)[0m  [1m[36mcommit transaction[0m
  ↳ app/controllers/rooms_controller.rb:13
Redirected to http://localhost:3000/rooms/75f8
Completed 302 Found in 83ms (ActiveRecord: 67.7ms)


Started GET "/rooms/75f8" for 127.0.0.1 at 2019-05-30 23:09:56 +0700
Processing by RoomsController#show as HTML
  Parameters: {"token"=>"75f8"}
  [1m[36mRoom Load (0.4ms)[0m  [1m[34mSELECT  "rooms".* FROM "rooms" WHERE "rooms"."token" = ? LIMIT ?[0m  [["token", "75f8"], ["LIMIT", 1]]
  ↳ app/controllers/rooms_controller.rb:21
  Rendering rooms/show.html.erb within layouts/application
  [1m[36mMessage Load (0.3ms)[0m  [1m[34mSELECT "messages".* FROM "messages" WHERE "messages"."room_id" = ?[0m  [["room_id", 2]]
  ↳ app/views/rooms/show.html.erb:9
  Rendered collection of templates [0 times] (0.0ms)
  Rendered messages/_form.html.erb (2.9ms)
  Rendered rooms/show.html.erb within layouts/application (10.7ms)
  [1m[36mUser Load (0.5ms)[0m  [1m[34mSELECT  "users".* FROM "users" WHERE "users"."id" = ? ORDER BY "users"."id" ASC LIMIT ?[0m  [["id", 1], ["LIMIT", 1]]
  ↳ app/controllers/application_controller.rb:8
Completed 200 OK in 108ms (Views: 101.1ms | ActiveRecord: 1.2ms)


Started GET "/" for 127.0.0.1 at 2019-05-30 23:09:59 +0700
Processing by RoomsController#index as HTML
  Rendering rooms/index.html.erb within layouts/application
  [1m[36mRoom Load (0.5ms)[0m  [1m[34mSELECT "rooms".* FROM "rooms"[0m
  ↳ app/views/rooms/index.html.erb:6
  Rendered collection of rooms/_room.html.erb [2 times] (3.6ms)
  Rendered rooms/_form.html.erb (3.8ms)
  Rendered rooms/index.html.erb within layouts/application (18.5ms)
  [1m[36mUser Load (0.4ms)[0m  [1m[34mSELECT  "users".* FROM "users" WHERE "users"."id" = ? ORDER BY "users"."id" ASC LIMIT ?[0m  [["id", 1], ["LIMIT", 1]]
  ↳ app/controllers/application_controller.rb:8
Completed 200 OK in 111ms (Views: 105.1ms | ActiveRecord: 0.9ms)


Started GET "/rooms/bca2" for 127.0.0.1 at 2019-05-30 23:10:01 +0700
Processing by RoomsController#show as HTML
  Parameters: {"token"=>"bca2"}
  [1m[36mRoom Load (0.5ms)[0m  [1m[34mSELECT  "rooms".* FROM "rooms" WHERE "rooms"."token" = ? LIMIT ?[0m  [["token", "bca2"], ["LIMIT", 1]]
  ↳ app/controllers/rooms_controller.rb:21
  Rendering rooms/show.html.erb within layouts/application
  [1m[36mMessage Load (0.3ms)[0m  [1m[34mSELECT "messages".* FROM "messages" WHERE "messages"."room_id" = ?[0m  [["room_id", 1]]
  ↳ app/views/rooms/show.html.erb:9
  Rendered collection of templates [0 times] (0.1ms)
  Rendered messages/_form.html.erb (2.7ms)
  Rendered rooms/show.html.erb within layouts/application (10.4ms)
  [1m[36mUser Load (0.6ms)[0m  [1m[34mSELECT  "users".* FROM "users" WHERE "users"."id" = ? ORDER BY "users"."id" ASC LIMIT ?[0m  [["id", 1], ["LIMIT", 1]]
  ↳ app/controllers/application_controller.rb:8
Completed 200 OK in 95ms (Views: 89.3ms | ActiveRecord: 1.4ms)


Started GET "/cable" for 127.0.0.1 at 2019-05-30 23:10:06 +0700
Started GET "/cable/" [WebSocket] for 127.0.0.1 at 2019-05-30 23:10:06 +0700
Successfully upgraded to WebSocket (REQUEST_METHOD: GET, HTTP_CONNECTION: keep-alive, Upgrade, HTTP_UPGRADE: websocket)
  [1m[36mUser Load (0.8ms)[0m  [1m[34mSELECT  "users".* FROM "users" WHERE "users"."id" = ? LIMIT ?[0m  [["id", 1], ["LIMIT", 1]]
  ↳ app/channels/application_cable/connection.rb:14
[ActionCable] [Leah] Registered connection (Z2lkOi8vaW5zdGF0YWxrL1VzZXIvMQ)
[ActionCable] [Leah] Subscribed to RoomChannel, roomId: 2
[ActionCable] [Leah]   [1m[36mRoom Load (0.6ms)[0m  [1m[34mSELECT  "rooms".* FROM "rooms" WHERE "rooms"."id" = ? LIMIT ?[0m  [["id", 2], ["LIMIT", 1]]
[ActionCable] [Leah] Subscribed to RoomChannel, roomId: 1
[ActionCable] [Leah]   ↳ app/channels/room_channel.rb:5
[ActionCable] [Leah]   [1m[36mRoom Load (0.8ms)[0m  [1m[34mSELECT  "rooms".* FROM "rooms" WHERE "rooms"."id" = ? LIMIT ?[0m  [["id", 1], ["LIMIT", 1]]
[ActionCable] [Leah] RoomChannel, speak: {"message"=>"* * * joined the room * * *"}
[ActionCable] [Leah]   ↳ app/channels/room_channel.rb:5
[ActionCable] [Leah] RoomChannel is streaming from room_channel_2
[ActionCable] [Leah] RoomChannel, speak: {"message"=>"* * * joined the room * * *"}
[ActionCable] [Leah] RoomChannel is streaming from room_channel_1
[ActionCable] [Leah]   [1m[35m (0.3ms)[0m  [1m[36mbegin transaction[0m
[ActionCable] [Leah]   ↳ app/services/message_service.rb:16
[ActionCable] [Leah]   [1m[35m (0.2ms)[0m  [1m[36mbegin transaction[0m
[ActionCable] [Leah]   [1m[36mMessage Create (0.9ms)[0m  [1m[32mINSERT INTO "messages" ("body", "user_id", "room_id", "created_at", "updated_at") VALUES (?, ?, ?, ?, ?)[0m  [["body", "* * * joined the room * * *"], ["user_id", 1], ["room_id", 2], ["created_at", "2019-05-30 16:10:06.437260"], ["updated_at", "2019-05-30 16:10:06.437260"]]
[ActionCable] [Leah]   ↳ app/services/message_service.rb:16
[ActionCable] [Leah]   ↳ app/services/message_service.rb:16
[ActionCable] [Leah]   [1m[36mMessage Create (5147.3ms)[0m  [1m[32mINSERT INTO "messages" ("body", "user_id", "room_id", "created_at", "updated_at") VALUES (?, ?, ?, ?, ?)[0m  [["body", "* * * joined the room * * *"], ["user_id", 1], ["room_id", 1], ["created_at", "2019-05-30 16:10:06.448191"], ["updated_at", "2019-05-30 16:10:06.448191"]]
[ActionCable] [Leah]   [1m[35m (133.7ms)[0m  [1m[36mcommit transaction[0m
[ActionCable] [Leah]   ↳ app/services/message_service.rb:16
Started GET "/" for 127.0.0.1 at 2019-05-30 23:10:11 +0700
[ActionCable] [Leah]   ↳ app/services/message_service.rb:16
[ActionCable] [Leah]   [1m[35m (0.2ms)[0m  [1m[31mrollback transaction[0m
[ActionCable] [Leah]   Rendered messages/_message.html.erb (2.3ms)
[ActionCable] [Leah] [ActionCable] Broadcasting to room_channel_2: {:message=>"<div class=\"row message mt-1\">\n  <div class=\"col-2 font-weight-bold text-info\">\n    Leah\n  </div>\n\n  <div class=\"col-10\">\n    <div class=\"float-right small badge badge-light\">\n      16:10\n    </div>\n\n    <div>* * * joined the room * * *</div>\n\n  </div>\n</div>\n"}
[ActionCable] [Leah]   ↳ app/services/message_service.rb:16
[ActionCable] [Leah] RoomChannel is transmitting the subscription confirmation
[ActionCable] [Leah] Could not execute command from ({"command"=>"subscribe", "identifier"=>"{\"channel\":\"RoomChannel\",\"roomId\":1}"}) [ActiveRecord::StatementInvalid - SQLite3::BusyException: database is locked: INSERT INTO "messages" ("body", "user_id", "room_id", "created_at", "updated_at") VALUES (?, ?, ?, ?, ?)]: /home/paleo1og/.rvm/gems/ruby-2.5.3/gems/sqlite3-1.3.13/lib/sqlite3/statement.rb:108:in `step' | /home/paleo1og/.rvm/gems/ruby-2.5.3/gems/sqlite3-1.3.13/lib/sqlite3/statement.rb:108:in `block in each' | /home/paleo1og/.rvm/gems/ruby-2.5.3/gems/sqlite3-1.3.13/lib/sqlite3/statement.rb:107:in `loop' | /home/paleo1og/.rvm/gems/ruby-2.5.3/gems/sqlite3-1.3.13/lib/sqlite3/statement.rb:107:in `each' | /home/paleo1og/.rvm/gems/ruby-2.5.3/gems/activerecord-5.2.3/lib/active_record/connection_adapters/sqlite3_adapter.rb:222:in `to_a'
Processing by RoomsController#index as HTML
[ActionCable] [Leah] RoomChannel transmitting {"message"=>"<div class=\"row message mt-1\">\n  <div class=\"col-2 font-weight-bold text-info\">\n    Leah\n  </div>\n\n  <div class=\"col-10\">\n    <div class=\"float-right small badge badge-light\">\n      16:10\n    </div>\n\n    <div>* * * joined the room * * *</div>\n\n  </div>\n</div>\n"} (via streamed from room_channel_2)
  Rendering rooms/index.html.erb within layouts/application
  [1m[36mRoom Load (1.8ms)[0m  [1m[34mSELECT "rooms".* FROM "rooms"[0m
  ↳ app/views/rooms/index.html.erb:6
  Rendered collection of rooms/_room.html.erb [2 times] (4.5ms)
  Rendered rooms/_form.html.erb (3.7ms)
  Rendered rooms/index.html.erb within layouts/application (26.3ms)
  [1m[36mUser Load (0.7ms)[0m  [1m[34mSELECT  "users".* FROM "users" WHERE "users"."id" = ? ORDER BY "users"."id" ASC LIMIT ?[0m  [["id", 1], ["LIMIT", 1]]
  ↳ app/controllers/application_controller.rb:8
Completed 200 OK in 133ms (Views: 126.0ms | ActiveRecord: 2.6ms)


Started GET "/rooms/75f8" for 127.0.0.1 at 2019-05-30 23:10:13 +0700
Processing by RoomsController#show as HTML
  Parameters: {"token"=>"75f8"}
  [1m[36mRoom Load (0.8ms)[0m  [1m[34mSELECT  "rooms".* FROM "rooms" WHERE "rooms"."token" = ? LIMIT ?[0m  [["token", "75f8"], ["LIMIT", 1]]
  ↳ app/controllers/rooms_controller.rb:21
  Rendering rooms/show.html.erb within layouts/application
  [1m[36mMessage Load (0.8ms)[0m  [1m[34mSELECT "messages".* FROM "messages" WHERE "messages"."room_id" = ?[0m  [["room_id", 2]]
  ↳ app/views/rooms/show.html.erb:9
  [1m[36mUser Load (0.8ms)[0m  [1m[34mSELECT  "users".* FROM "users" WHERE "users"."id" = ? LIMIT ?[0m  [["id", 1], ["LIMIT", 1]]
  ↳ app/views/messages/_message.html.erb:3
  Rendered collection of messages/_message.html.erb [1 times] (8.4ms)
  Rendered messages/_form.html.erb (4.6ms)
  Rendered rooms/show.html.erb within layouts/application (34.3ms)
  [1m[36mUser Load (0.5ms)[0m  [1m[34mSELECT  "users".* FROM "users" WHERE "users"."id" = ? ORDER BY "users"."id" ASC LIMIT ?[0m  [["id", 1], ["LIMIT", 1]]
  ↳ app/controllers/application_controller.rb:8
Completed 200 OK in 173ms (Views: 162.6ms | ActiveRecord: 2.9ms)


[ActionCable] [Leah] RoomChannel#speak({"message"=>"hi!"})
[ActionCable] [Leah] RoomChannel, speak: {"message"=>"hi!", "action"=>"speak"}
[ActionCable] [Leah]   [1m[35m (0.3ms)[0m  [1m[36mbegin transaction[0m
[ActionCable] [Leah]   ↳ app/services/message_service.rb:16
[ActionCable] [Leah]   [1m[36mMessage Create (1.0ms)[0m  [1m[32mINSERT INTO "messages" ("body", "user_id", "room_id", "created_at", "updated_at") VALUES (?, ?, ?, ?, ?)[0m  [["body", "hi!"], ["user_id", 1], ["room_id", 2], ["created_at", "2019-05-30 16:10:19.778515"], ["updated_at", "2019-05-30 16:10:19.778515"]]
[ActionCable] [Leah]   ↳ app/services/message_service.rb:16
[ActionCable] [Leah]   [1m[35m (114.4ms)[0m  [1m[36mcommit transaction[0m
[ActionCable] [Leah]   ↳ app/services/message_service.rb:16
[ActionCable] [Leah]   Rendered messages/_message.html.erb (1.7ms)
[ActionCable] [Leah] [ActionCable] Broadcasting to room_channel_2: {:message=>"<div class=\"row message mt-1\">\n  <div class=\"col-2 font-weight-bold text-info\">\n    Leah\n  </div>\n\n  <div class=\"col-10\">\n    <div class=\"float-right small badge badge-light\">\n      16:10\n    </div>\n\n    <div>hi!</div>\n\n  </div>\n</div>\n"}
[ActionCable] [Leah] RoomChannel transmitting {"message"=>"<div class=\"row message mt-1\">\n  <div class=\"col-2 font-weight-bold text-info\">\n    Leah\n  </div>\n\n  <div class=\"col-10\">\n    <div class=\"float-right small badge badge-light\">\n      16:10\n    </div>\n\n    <div>hi!</div>\n\n  </div>\n</div>\n"} (via streamed from room_channel_2)
Started GET "/" for 127.0.0.1 at 2019-05-30 23:10:22 +0700
Processing by RoomsController#index as HTML
  Rendering rooms/index.html.erb within layouts/application
  [1m[36mRoom Load (0.5ms)[0m  [1m[34mSELECT "rooms".* FROM "rooms"[0m
  ↳ app/views/rooms/index.html.erb:6
  Rendered collection of rooms/_room.html.erb [2 times] (5.9ms)
  Rendered rooms/_form.html.erb (4.4ms)
  Rendered rooms/index.html.erb within layouts/application (21.7ms)
  [1m[36mUser Load (0.5ms)[0m  [1m[34mSELECT  "users".* FROM "users" WHERE "users"."id" = ? ORDER BY "users"."id" ASC LIMIT ?[0m  [["id", 1], ["LIMIT", 1]]
  ↳ app/controllers/application_controller.rb:8
Completed 200 OK in 104ms (Views: 99.5ms | ActiveRecord: 1.0ms)


Started GET "/rooms/bca2" for 127.0.0.1 at 2019-05-30 23:10:23 +0700
Processing by RoomsController#show as HTML
  Parameters: {"token"=>"bca2"}
  [1m[36mRoom Load (0.5ms)[0m  [1m[34mSELECT  "rooms".* FROM "rooms" WHERE "rooms"."token" = ? LIMIT ?[0m  [["token", "bca2"], ["LIMIT", 1]]
  ↳ app/controllers/rooms_controller.rb:21
  Rendering rooms/show.html.erb within layouts/application
  [1m[36mMessage Load (0.7ms)[0m  [1m[34mSELECT "messages".* FROM "messages" WHERE "messages"."room_id" = ?[0m  [["room_id", 1]]
  ↳ app/views/rooms/show.html.erb:9
  Rendered collection of templates [0 times] (0.1ms)
  Rendered messages/_form.html.erb (5.6ms)
  Rendered rooms/show.html.erb within layouts/application (16.8ms)
  [1m[36mUser Load (0.4ms)[0m  [1m[34mSELECT  "users".* FROM "users" WHERE "users"."id" = ? ORDER BY "users"."id" ASC LIMIT ?[0m  [["id", 1], ["LIMIT", 1]]
  ↳ app/controllers/application_controller.rb:8
Completed 200 OK in 131ms (Views: 123.5ms | ActiveRecord: 1.5ms)


[ActionCable] [Leah] RoomChannel#speak({"message"=>"hi!"})
[ActionCable] [Leah] RoomChannel, speak: {"message"=>"hi!", "action"=>"speak"}
[ActionCable] [Leah]   [1m[35m (0.2ms)[0m  [1m[36mbegin transaction[0m
[ActionCable] [Leah]   ↳ app/services/message_service.rb:16
[ActionCable] [Leah]   [1m[36mMessage Create (1.1ms)[0m  [1m[32mINSERT INTO "messages" ("body", "user_id", "room_id", "created_at", "updated_at") VALUES (?, ?, ?, ?, ?)[0m  [["body", "hi!"], ["user_id", 1], ["room_id", 1], ["created_at", "2019-05-30 16:10:28.326871"], ["updated_at", "2019-05-30 16:10:28.326871"]]
[ActionCable] [Leah]   ↳ app/services/message_service.rb:16
[ActionCable] [Leah]   [1m[35m (95.9ms)[0m  [1m[36mcommit transaction[0m
[ActionCable] [Leah]   ↳ app/services/message_service.rb:16
[ActionCable] [Leah]   Rendered messages/_message.html.erb (1.9ms)
[ActionCable] [Leah] [ActionCable] Broadcasting to room_channel_1: {:message=>"<div class=\"row message mt-1\">\n  <div class=\"col-2 font-weight-bold text-info\">\n    Leah\n  </div>\n\n  <div class=\"col-10\">\n    <div class=\"float-right small badge badge-light\">\n      16:10\n    </div>\n\n    <div>hi!</div>\n\n  </div>\n</div>\n"}
[ActionCable] [Leah] RoomChannel transmitting {"message"=>"<div class=\"row message mt-1\">\n  <div class=\"col-2 font-weight-bold text-info\">\n    Leah\n  </div>\n\n  <div class=\"col-10\">\n    <div class=\"float-right small badge badge-light\">\n      16:10\n    </div>\n\n    <div>hi!</div>\n\n  </div>\n</div>\n"} (via streamed from room_channel_1)
Started GET "/" for 127.0.0.1 at 2019-05-30 23:10:30 +0700
Processing by RoomsController#index as HTML
  Rendering rooms/index.html.erb within layouts/application
  [1m[36mRoom Load (0.6ms)[0m  [1m[34mSELECT "rooms".* FROM "rooms"[0m
  ↳ app/views/rooms/index.html.erb:6
  Rendered collection of rooms/_room.html.erb [2 times] (3.4ms)
  Rendered rooms/_form.html.erb (6.0ms)
  Rendered rooms/index.html.erb within layouts/application (19.3ms)
  [1m[36mUser Load (0.4ms)[0m  [1m[34mSELECT  "users".* FROM "users" WHERE "users"."id" = ? ORDER BY "users"."id" ASC LIMIT ?[0m  [["id", 1], ["LIMIT", 1]]
  ↳ app/controllers/application_controller.rb:8
Completed 200 OK in 119ms (Views: 113.0ms | ActiveRecord: 1.0ms)


